app/build/outputs/logs/manifest-merger-debug-report.txt
-- Merging decision tree log ---
manifest
ADDED from src\main\AndroidManifest.xml:2:1-110:12
INJECTED from src\main\AndroidManifest.xml:2:1-110:12
INJECTED from src\main\AndroidManifest.xml:2:1-110:12
INJECTED from src\main\AndroidManifest.xml:2:1-110:12
MERGED from [com.android.support:support-v4:21.0.3] AndroidManifest.xml:14:4-17:12
INJECTED from src\main\AndroidManifest.xml:2:1-110:12
INJECTED from src\main\AndroidManifest.xml:2:1-110:12
INJECTED from src\main\AndroidManifest.xml:2:1-110:12
	package
		ADDED from src\main\AndroidManifest.xml:3:5-35
		INJECTED from src\main\AndroidManifest.xml
		INJECTED from src\main\AndroidManifest.xml
	android:versionName
		ADDED from src\main\AndroidManifest.xml:5:5-31
		INJECTED from src\main\AndroidManifest.xml
		INJECTED from src\main\AndroidManifest.xml
	xmlns:android
		ADDED from src\main\AndroidManifest.xml:2:11-69
	android:versionCode
		ADDED from src\main\AndroidManifest.xml:4:5-30
		INJECTED from src\main\AndroidManifest.xml
		INJECTED from src\main\AndroidManifest.xml
uses-sdk
ADDED from src\main\AndroidManifest.xml:7:5-9:41
INJECTED from src\main\AndroidManifest.xml:7:5-9:41
INJECTED from src\main\AndroidManifest.xml:7:5-9:41
MERGED from [com.android.support:support-v4:21.0.3] AndroidManifest.xml:15:5-42
MERGED from [com.android.support:support-v4:21.0.3] AndroidManifest.xml:15:5-42
INJECTED from src\main\AndroidManifest.xml:7:5-9:41
INJECTED from src\main\AndroidManifest.xml:7:5-9:41
	android:targetSdkVersion
		ADDED from src\main\AndroidManifest.xml:9:9-38
		INJECTED from src\main\AndroidManifest.xml
		INJECTED from src\main\AndroidManifest.xml
	android:minSdkVersion
		ADDED from src\main\AndroidManifest.xml:8:9-35
		INJECTED from src\main\AndroidManifest.xml
		INJECTED from src\main\AndroidManifest.xml
uses-permission#android.permission.INTERNET
ADDED from src\main\AndroidManifest.xml:11:5-67
	android:name
		ADDED from src\main\AndroidManifest.xml:11:22-64
uses-permission#android.permission.WRITE_EXTERNAL_STORAGE
ADDED from src\main\AndroidManifest.xml:12:5-81
	android:name
		ADDED from src\main\AndroidManifest.xml:12:22-78
uses-permission#android.permission.READ_EXTERNAL_STORAGE
ADDED from src\main\AndroidManifest.xml:13:5-80
	android:name
		ADDED from src\main\AndroidManifest.xml:13:22-77
uses-permission#android.permission.ACCESS_NETWORK_STATE
ADDED from src\main\AndroidManifest.xml:14:5-79
	android:name
		ADDED from src\main\AndroidManifest.xml:14:22-76
uses-permission#android.permission.CAMERA
ADDED from src\main\AndroidManifest.xml:15:5-65
	android:name
		ADDED from src\main\AndroidManifest.xml:15:22-62
application
ADDED from src\main\AndroidManifest.xml:17:5-108:19
MERGED from [com.android.support:support-v4:21.0.3] AndroidManifest.xml:16:5-19
MERGED from [com.android.support:support-v4:21.0.3] AndroidManifest.xml:16:5-19
	android:label
		ADDED from src\main\AndroidManifest.xml:21:9-41
	android:icon
		ADDED from src\main\AndroidManifest.xml:20:9-45
	android:allowBackup
		ADDED from src\main\AndroidManifest.xml:19:9-35
	android:theme
		ADDED from src\main\AndroidManifest.xml:22:9-44
	android:name
		ADDED from src\main\AndroidManifest.xml:18:9-61
activity#com.xiaoliang.wallet.activity.SplashActivity
ADDED from src\main\AndroidManifest.xml:23:9-30:20
	android:label
		ADDED from src\main\AndroidManifest.xml:25:13-45
	android:name
		ADDED from src\main\AndroidManifest.xml:24:13-72
intent-filter#android.intent.action.MAIN+android.intent.category.LAUNCHER
ADDED from src\main\AndroidManifest.xml:26:13-29:29
action#android.intent.action.MAIN
ADDED from src\main\AndroidManifest.xml:27:17-69
	android:name
		ADDED from src\main\AndroidManifest.xml:27:25-66
category#android.intent.category.LAUNCHER
ADDED from src\main\AndroidManifest.xml:28:17-77
	android:name
		ADDED from src\main\AndroidManifest.xml:28:27-74
activity#com.xiaoliang.wallet.activity.MainActivity
ADDED from src\main\AndroidManifest.xml:31:9-72:20
	android:launchMode
		ADDED from src\main\AndroidManifest.xml:34:13-42
	android:configChanges
		ADDED from src\main\AndroidManifest.xml:33:13-74
	android:theme
		ADDED from src\main\AndroidManifest.xml:35:13-48
	android:name
		ADDED from src\main\AndroidManifest.xml:32:13-70
intent-filter#android.intent.action.VIEW+android.intent.category.BROWSABLE+android.intent.category.DEFAULT
ADDED from src\main\AndroidManifest.xml:36:13-40:29
action#android.intent.action.VIEW
ADDED from src\main\AndroidManifest.xml:37:17-69
	android:name
		ADDED from src\main\AndroidManifest.xml:37:25-66
category#android.intent.category.BROWSABLE
ADDED from src\main\AndroidManifest.xml:38:17-78
	android:name
		ADDED from src\main\AndroidManifest.xml:38:27-75
category#android.intent.category.DEFAULT
ADDED from src\main\AndroidManifest.xml:39:17-76
	android:name
		ADDED from src\main\AndroidManifest.xml:39:27-73
intent-filter#android.intent.action.VIEW+android.intent.category.DEFAULT
ADDED from src\main\AndroidManifest.xml:41:13-71:29
	android:label
		ADDED from src\main\AndroidManifest.xml:41:28-51
data
ADDED from src\main\AndroidManifest.xml:43:17-52
	android:mimeType
		ADDED from src\main\AndroidManifest.xml:43:23-49
activity#com.xiaoliang.wallet.activity.AccountActivity
ADDED from src\main\AndroidManifest.xml:73:9-77:20
	android:configChanges
		ADDED from src\main\AndroidManifest.xml:75:13-74
	android:theme
		ADDED from src\main\AndroidManifest.xml:76:13-48
	android:name
		ADDED from src\main\AndroidManifest.xml:74:13-73
activity#com.xiaoliang.wallet.activity.SendActivity
ADDED from src\main\AndroidManifest.xml:78:9-82:20
	android:configChanges
		ADDED from src\main\AndroidManifest.xml:80:13-74
	android:theme
		ADDED from src\main\AndroidManifest.xml:81:13-48
	android:name
		ADDED from src\main\AndroidManifest.xml:79:13-70
activity#com.xiaoliang.wallet.zxing.android.CaptureActivity
ADDED from src\main\AndroidManifest.xml:83:9-87:20
	android:configChanges
		ADDED from src\main\AndroidManifest.xml:85:13-74
	android:theme
		ADDED from src\main\AndroidManifest.xml:86:13-48
	android:name
		ADDED from src\main\AndroidManifest.xml:84:13-78
activity#com.xiaoliang.wallet.activity.AboutActivity
ADDED from src\main\AndroidManifest.xml:88:9-92:20
	android:configChanges
		ADDED from src\main\AndroidManifest.xml:90:13-74
	android:theme
		ADDED from src\main\AndroidManifest.xml:91:13-48
	android:name
		ADDED from src\main\AndroidManifest.xml:89:13-71
activity#cn.bmob.v3.update.UpdateDialogActivity
ADDED from src\main\AndroidManifest.xml:94:9-97:20
	android:theme
		ADDED from src\main\AndroidManifest.xml:96:13-72
	android:name
		ADDED from src\main\AndroidManifest.xml:95:13-66
meta-data#UMENG_APPKEY
ADDED from src\main\AndroidManifest.xml:99:9-102:21
	android:value
		ADDED from src\main\AndroidManifest.xml:101:13-53
	android:name
		ADDED from src\main\AndroidManifest.xml:100:13-40
meta-data#UMENG_CHANNEL
ADDED from src\main\AndroidManifest.xml:103:9-105:40
	android:value
		ADDED from src\main\AndroidManifest.xml:105:13-37
	android:name
		ADDED from src\main\AndroidManifest.xml:104:13-41